forrtl: severe (174): SIGSEGV, segmentation fault occurred
Image              PC                Routine            Line        Source             
bud                000000000046A11A  Unknown               Unknown  Unknown
bud                0000000000401FCC  Unknown               Unknown  Unknown
libc.so.6          00002B258BC57830  Unknown               Unknown  Unknown
bud                0000000000401EB9  Unknown               Unknown  Unknown
forrtl: severe (174): SIGSEGV, segmentation fault occurred
Image              PC                Routine            Line        Source             
bud                000000000046A11A  Unknown               Unknown  Unknown
bud                0000000000401FCC  Unknown               Unknown  Unknown
libc.so.6          00002B2DB4E5A830  Unknown               Unknown  Unknown
bud                0000000000401EB9  Unknown               Unknown  Unknown
forrtl: severe (174): SIGSEGV, segmentation fault occurred
Image              PC                Routine            Line        Source             
bud                000000000046A11A  Unknown               Unknown  Unknown
bud                0000000000401FCC  Unknown               Unknown  Unknown
libc.so.6          00002B176FC93830  Unknown               Unknown  Unknown
bud                0000000000401EB9  Unknown               Unknown  Unknown
forrtl: severe (174): SIGSEGV, segmentation fault occurred
Image              PC                Routine            Line        Source             
bud                000000000046A11A  Unknown               Unknown  Unknown
bud                0000000000401FCC  Unknown               Unknown  Unknown
libc.so.6          00002B11E0A7B830  Unknown               Unknown  Unknown
bud                0000000000401EB9  Unknown               Unknown  Unknown
forrtl: severe (174): SIGSEGV, segmentation fault occurred
Image              PC                Routine            Line        Source             
bud                000000000046A11A  Unknown               Unknown  Unknown
bud                0000000000401FCC  Unknown               Unknown  Unknown
libc.so.6          00002B5CBDD1A830  Unknown               Unknown  Unknown
bud                0000000000401EB9  Unknown               Unknown  Unknown
forrtl: severe (174): SIGSEGV, segmentation fault occurred
Image              PC                Routine            Line        Source             
bud                000000000046A11A  Unknown               Unknown  Unknown
bud                0000000000401FCC  Unknown               Unknown  Unknown
libc.so.6          00002AD39C37B830  Unknown               Unknown  Unknown
bud                0000000000401EB9  Unknown               Unknown  Unknown
forrtl: severe (174): SIGSEGV, segmentation fault occurred
Image              PC                Routine            Line        Source             
bud                000000000046A11A  Unknown               Unknown  Unknown
bud                0000000000401FCC  Unknown               Unknown  Unknown
libc.so.6          00002AE88CBA5830  Unknown               Unknown  Unknown
bud                0000000000401EB9  Unknown               Unknown  Unknown
forrtl: severe (174): SIGSEGV, segmentation fault occurred
Image              PC                Routine            Line        Source             
bud                000000000046A11A  Unknown               Unknown  Unknown
bud                0000000000401FCC  Unknown               Unknown  Unknown
libc.so.6          00002B348D033830  Unknown               Unknown  Unknown
bud                0000000000401EB9  Unknown               Unknown  Unknown
forrtl: severe (174): SIGSEGV, segmentation fault occurred
Image              PC                Routine            Line        Source             
bud                000000000046A11A  Unknown               Unknown  Unknown
bud                0000000000401FCC  Unknown               Unknown  Unknown
libc.so.6          00002B3F09678830  Unknown               Unknown  Unknown
bud                0000000000401EB9  Unknown               Unknown  Unknown
forrtl: severe (174): SIGSEGV, segmentation fault occurred
Image              PC                Routine            Line        Source             
bud                000000000046A11A  Unknown               Unknown  Unknown
bud                0000000000401FCC  Unknown               Unknown  Unknown
libc.so.6          00002B360FA4D830  Unknown               Unknown  Unknown
bud                0000000000401EB9  Unknown               Unknown  Unknown
forrtl: severe (174): SIGSEGV, segmentation fault occurred
Image              PC                Routine            Line        Source             
bud                000000000046A11A  Unknown               Unknown  Unknown
bud                0000000000401FCC  Unknown               Unknown  Unknown
libc.so.6          00002B7830CB3830  Unknown               Unknown  Unknown
bud                0000000000401EB9  Unknown               Unknown  Unknown
forrtl: severe (174): SIGSEGV, segmentation fault occurred
Image              PC                Routine            Line        Source             
bud                000000000046A11A  Unknown               Unknown  Unknown
bud                0000000000401FCC  Unknown               Unknown  Unknown
libc.so.6          00002AEC32CCA830  Unknown               Unknown  Unknown
bud                0000000000401EB9  Unknown               Unknown  Unknown
forrtl: severe (174): SIGSEGV, segmentation fault occurred
Image              PC                Routine            Line        Source             
bud                000000000046A11A  Unknown               Unknown  Unknown
bud                0000000000401FCC  Unknown               Unknown  Unknown
libc.so.6          00002B8058C1C830  Unknown               Unknown  Unknown
bud                0000000000401EB9  Unknown               Unknown  Unknown
forrtl: severe (174): SIGSEGV, segmentation fault occurred
Image              PC                Routine            Line        Source             
bud                000000000046A11A  Unknown               Unknown  Unknown
bud                0000000000401FCC  Unknown               Unknown  Unknown
libc.so.6          00002B2288B64830  Unknown               Unknown  Unknown
bud                0000000000401EB9  Unknown               Unknown  Unknown
forrtl: severe (174): SIGSEGV, segmentation fault occurred
Image              PC                Routine            Line        Source             
bud                000000000046A11A  Unknown               Unknown  Unknown
bud                0000000000401FCC  Unknown               Unknown  Unknown
libc.so.6          00002AEDD7CD9830  Unknown               Unknown  Unknown
bud                0000000000401EB9  Unknown               Unknown  Unknown
forrtl: severe (174): SIGSEGV, segmentation fault occurred
Image              PC                Routine            Line        Source             
bud                000000000046A11A  Unknown               Unknown  Unknown
bud                0000000000401FCC  Unknown               Unknown  Unknown
libc.so.6          00002AC5F5A86830  Unknown               Unknown  Unknown
bud                0000000000401EB9  Unknown               Unknown  Unknown
