forrtl: severe (174): SIGSEGV, segmentation fault occurred
Image              PC                Routine            Line        Source             
bud                000000000046A1BA  Unknown               Unknown  Unknown
bud                0000000000401FCC  Unknown               Unknown  Unknown
libc.so.6          00002BA2EE3D5830  Unknown               Unknown  Unknown
bud                0000000000401EB9  Unknown               Unknown  Unknown
forrtl: severe (174): SIGSEGV, segmentation fault occurred
Image              PC                Routine            Line        Source             
bud                000000000046A1BA  Unknown               Unknown  Unknown
bud                0000000000401FCC  Unknown               Unknown  Unknown
libc.so.6          00002ABCE6F12830  Unknown               Unknown  Unknown
bud                0000000000401EB9  Unknown               Unknown  Unknown
forrtl: severe (174): SIGSEGV, segmentation fault occurred
Image              PC                Routine            Line        Source             
bud                000000000046A1BA  Unknown               Unknown  Unknown
bud                0000000000401FCC  Unknown               Unknown  Unknown
libc.so.6          00002B2694648830  Unknown               Unknown  Unknown
bud                0000000000401EB9  Unknown               Unknown  Unknown
forrtl: severe (174): SIGSEGV, segmentation fault occurred
Image              PC                Routine            Line        Source             
bud                000000000046A1BA  Unknown               Unknown  Unknown
bud                0000000000401FCC  Unknown               Unknown  Unknown
libc.so.6          00002ABA64548830  Unknown               Unknown  Unknown
bud                0000000000401EB9  Unknown               Unknown  Unknown
forrtl: severe (174): SIGSEGV, segmentation fault occurred
Image              PC                Routine            Line        Source             
bud                000000000046A1BA  Unknown               Unknown  Unknown
bud                0000000000401FCC  Unknown               Unknown  Unknown
libc.so.6          00002ACB5FC41830  Unknown               Unknown  Unknown
bud                0000000000401EB9  Unknown               Unknown  Unknown
forrtl: severe (174): SIGSEGV, segmentation fault occurred
Image              PC                Routine            Line        Source             
bud                000000000046A1BA  Unknown               Unknown  Unknown
bud                0000000000401FCC  Unknown               Unknown  Unknown
libc.so.6          00002B8DF438D830  Unknown               Unknown  Unknown
bud                0000000000401EB9  Unknown               Unknown  Unknown
forrtl: severe (174): SIGSEGV, segmentation fault occurred
Image              PC                Routine            Line        Source             
bud                000000000046A1BA  Unknown               Unknown  Unknown
bud                0000000000401FCC  Unknown               Unknown  Unknown
libc.so.6          00002B7EFCAC6830  Unknown               Unknown  Unknown
bud                0000000000401EB9  Unknown               Unknown  Unknown
forrtl: severe (174): SIGSEGV, segmentation fault occurred
Image              PC                Routine            Line        Source             
bud                000000000046A1BA  Unknown               Unknown  Unknown
bud                0000000000401FCC  Unknown               Unknown  Unknown
libc.so.6          00002B60871A4830  Unknown               Unknown  Unknown
bud                0000000000401EB9  Unknown               Unknown  Unknown
forrtl: severe (174): SIGSEGV, segmentation fault occurred
Image              PC                Routine            Line        Source             
bud                000000000046A7A2  Unknown               Unknown  Unknown
bud                0000000000401FCC  Unknown               Unknown  Unknown
libc.so.6          00002B858C94C830  Unknown               Unknown  Unknown
bud                0000000000401EB9  Unknown               Unknown  Unknown
forrtl: severe (174): SIGSEGV, segmentation fault occurred
Image              PC                Routine            Line        Source             
bud                000000000046A1BA  Unknown               Unknown  Unknown
bud                0000000000401FCC  Unknown               Unknown  Unknown
libc.so.6          00002B4D2D0E0830  Unknown               Unknown  Unknown
bud                0000000000401EB9  Unknown               Unknown  Unknown
forrtl: severe (174): SIGSEGV, segmentation fault occurred
Image              PC                Routine            Line        Source             
bud                000000000046A1BA  Unknown               Unknown  Unknown
bud                0000000000401FCC  Unknown               Unknown  Unknown
libc.so.6          00002AF4A239D830  Unknown               Unknown  Unknown
bud                0000000000401EB9  Unknown               Unknown  Unknown
forrtl: severe (174): SIGSEGV, segmentation fault occurred
Image              PC                Routine            Line        Source             
bud                000000000046A1BA  Unknown               Unknown  Unknown
bud                0000000000401FCC  Unknown               Unknown  Unknown
libc.so.6          00002BA587E10830  Unknown               Unknown  Unknown
bud                0000000000401EB9  Unknown               Unknown  Unknown
forrtl: severe (174): SIGSEGV, segmentation fault occurred
Image              PC                Routine            Line        Source             
bud                000000000046A7A2  Unknown               Unknown  Unknown
bud                0000000000401FCC  Unknown               Unknown  Unknown
libc.so.6          00002B0CCFE8C830  Unknown               Unknown  Unknown
bud                0000000000401EB9  Unknown               Unknown  Unknown
forrtl: severe (174): SIGSEGV, segmentation fault occurred
Image              PC                Routine            Line        Source             
bud                000000000046A1BA  Unknown               Unknown  Unknown
bud                0000000000401FCC  Unknown               Unknown  Unknown
libc.so.6          00002B74B170E830  Unknown               Unknown  Unknown
bud                0000000000401EB9  Unknown               Unknown  Unknown
forrtl: severe (174): SIGSEGV, segmentation fault occurred
Image              PC                Routine            Line        Source             
bud                000000000046A1BA  Unknown               Unknown  Unknown
bud                0000000000401FCC  Unknown               Unknown  Unknown
libc.so.6          00002B307AB35830  Unknown               Unknown  Unknown
bud                0000000000401EB9  Unknown               Unknown  Unknown
forrtl: severe (174): SIGSEGV, segmentation fault occurred
Image              PC                Routine            Line        Source             
bud                000000000046A1BA  Unknown               Unknown  Unknown
bud                0000000000401FCC  Unknown               Unknown  Unknown
libc.so.6          00002ADCA4092830  Unknown               Unknown  Unknown
bud                0000000000401EB9  Unknown               Unknown  Unknown
