forrtl: severe (174): SIGSEGV, segmentation fault occurred
Image              PC                Routine            Line        Source             
bud                000000000046A0F4  Unknown               Unknown  Unknown
bud                0000000000401FCC  Unknown               Unknown  Unknown
libc.so.6          00002AE52D7E5830  Unknown               Unknown  Unknown
bud                0000000000401EB9  Unknown               Unknown  Unknown
forrtl: severe (174): SIGSEGV, segmentation fault occurred
Image              PC                Routine            Line        Source             
bud                000000000046A0F4  Unknown               Unknown  Unknown
bud                0000000000401FCC  Unknown               Unknown  Unknown
libc.so.6          00002B3D7D5E0830  Unknown               Unknown  Unknown
bud                0000000000401EB9  Unknown               Unknown  Unknown
forrtl: severe (174): SIGSEGV, segmentation fault occurred
Image              PC                Routine            Line        Source             
bud                000000000046A0F4  Unknown               Unknown  Unknown
bud                0000000000401FCC  Unknown               Unknown  Unknown
libc.so.6          00002AD7DE543830  Unknown               Unknown  Unknown
bud                0000000000401EB9  Unknown               Unknown  Unknown
forrtl: severe (174): SIGSEGV, segmentation fault occurred
Image              PC                Routine            Line        Source             
bud                000000000046A6DC  Unknown               Unknown  Unknown
bud                0000000000401FCC  Unknown               Unknown  Unknown
libc.so.6          00002B2D05DAF830  Unknown               Unknown  Unknown
bud                0000000000401EB9  Unknown               Unknown  Unknown
forrtl: severe (174): SIGSEGV, segmentation fault occurred
Image              PC                Routine            Line        Source             
bud                000000000046A6DC  Unknown               Unknown  Unknown
bud                0000000000401FCC  Unknown               Unknown  Unknown
libc.so.6          00002B610E2F2830  Unknown               Unknown  Unknown
bud                0000000000401EB9  Unknown               Unknown  Unknown
forrtl: severe (174): SIGSEGV, segmentation fault occurred
Image              PC                Routine            Line        Source             
bud                000000000046A0F4  Unknown               Unknown  Unknown
bud                0000000000401FCC  Unknown               Unknown  Unknown
libc.so.6          00002B0436918830  Unknown               Unknown  Unknown
bud                0000000000401EB9  Unknown               Unknown  Unknown
forrtl: severe (174): SIGSEGV, segmentation fault occurred
Image              PC                Routine            Line        Source             
bud                000000000046A0F4  Unknown               Unknown  Unknown
bud                0000000000401FCC  Unknown               Unknown  Unknown
libc.so.6          00002ABD808D1830  Unknown               Unknown  Unknown
bud                0000000000401EB9  Unknown               Unknown  Unknown
forrtl: severe (174): SIGSEGV, segmentation fault occurred
Image              PC                Routine            Line        Source             
bud                000000000046A0F4  Unknown               Unknown  Unknown
bud                0000000000401FCC  Unknown               Unknown  Unknown
libc.so.6          00002B5CE6659830  Unknown               Unknown  Unknown
bud                0000000000401EB9  Unknown               Unknown  Unknown
forrtl: severe (174): SIGSEGV, segmentation fault occurred
Image              PC                Routine            Line        Source             
bud                000000000046A0F4  Unknown               Unknown  Unknown
bud                0000000000401FCC  Unknown               Unknown  Unknown
libc.so.6          00002B1AE41C6830  Unknown               Unknown  Unknown
bud                0000000000401EB9  Unknown               Unknown  Unknown
forrtl: severe (174): SIGSEGV, segmentation fault occurred
Image              PC                Routine            Line        Source             
bud                000000000046A0F4  Unknown               Unknown  Unknown
bud                0000000000401FCC  Unknown               Unknown  Unknown
libc.so.6          00002B13F91B1830  Unknown               Unknown  Unknown
bud                0000000000401EB9  Unknown               Unknown  Unknown
forrtl: severe (174): SIGSEGV, segmentation fault occurred
Image              PC                Routine            Line        Source             
bud                000000000046A0F4  Unknown               Unknown  Unknown
bud                0000000000401FCC  Unknown               Unknown  Unknown
libc.so.6          00002B5B0C024830  Unknown               Unknown  Unknown
bud                0000000000401EB9  Unknown               Unknown  Unknown
forrtl: severe (174): SIGSEGV, segmentation fault occurred
Image              PC                Routine            Line        Source             
bud                000000000046A6DC  Unknown               Unknown  Unknown
bud                0000000000401FCC  Unknown               Unknown  Unknown
libc.so.6          00002B3F7E1FF830  Unknown               Unknown  Unknown
bud                0000000000401EB9  Unknown               Unknown  Unknown
forrtl: severe (174): SIGSEGV, segmentation fault occurred
Image              PC                Routine            Line        Source             
bud                000000000046A0F4  Unknown               Unknown  Unknown
bud                0000000000401FCC  Unknown               Unknown  Unknown
libc.so.6          00002B03D01C2830  Unknown               Unknown  Unknown
bud                0000000000401EB9  Unknown               Unknown  Unknown
forrtl: severe (174): SIGSEGV, segmentation fault occurred
Image              PC                Routine            Line        Source             
bud                000000000046A0F4  Unknown               Unknown  Unknown
bud                0000000000401FCC  Unknown               Unknown  Unknown
libc.so.6          00002B323ACAD830  Unknown               Unknown  Unknown
bud                0000000000401EB9  Unknown               Unknown  Unknown
forrtl: severe (174): SIGSEGV, segmentation fault occurred
Image              PC                Routine            Line        Source             
bud                000000000046A0F4  Unknown               Unknown  Unknown
bud                0000000000401FCC  Unknown               Unknown  Unknown
libc.so.6          00002B6FC6635830  Unknown               Unknown  Unknown
bud                0000000000401EB9  Unknown               Unknown  Unknown
forrtl: severe (174): SIGSEGV, segmentation fault occurred
Image              PC                Routine            Line        Source             
bud                000000000046A0F4  Unknown               Unknown  Unknown
bud                0000000000401FCC  Unknown               Unknown  Unknown
libc.so.6          00002B722E0FA830  Unknown               Unknown  Unknown
bud                0000000000401EB9  Unknown               Unknown  Unknown
